<?xml version="1.0" encoding="UTF-8"?>
<!-- Generated by org.testng.reporters.JUnitXMLReporter -->
<testsuite ignored="5" hostname="DESKTOP-6GVOOPD" failures="0" tests="1" name="Default test(failed)" time="54.263" errors="0" timestamp="2023-03-30T07:44:07 IST">
  <testcase classname="crmtests.HomePageTest" name="validate_Task_Link_RedirectionTest" time="7.384"/>
  <testcase classname="crmtests.HomePageTest" name="validate_Create_Contact_Link_RedirectionTest" time="0.0">
    <ignored/>
  </testcase> <!-- validate_Create_Contact_Link_RedirectionTest -->
  <testcase classname="crmtests.HomePageTest" name="validate_create_company_Link_RedirectionTest" time="0.0">
    <ignored/>
  </testcase> <!-- validate_create_company_Link_RedirectionTest -->
  <testcase classname="crmtests.HomePageTest" name="validate_Deal_Link_RedirectionTest" time="0.0">
    <ignored/>
  </testcase> <!-- validate_Deal_Link_RedirectionTest -->
  <testcase classname="crmtests.HomePageTest" name="validateUsernameTest" time="0.0">
    <ignored/>
  </testcase> <!-- validateUsernameTest -->
  <testcase classname="crmtests.HomePageTest" name="validateLogoutTest" time="0.0">
    <ignored/>
  </testcase> <!-- validateLogoutTest -->
</testsuite> <!-- Default test(failed) -->
