<?xml version="1.0" encoding="UTF-8"?>
<!-- Generated by org.testng.reporters.JUnitXMLReporter -->
<testsuite ignored="0" hostname="DESKTOP-6GVOOPD" failures="0" tests="3" name="Test" time="61.397" errors="0" timestamp="2023-03-24T08:19:01 IST">
  <testcase classname="crmtests.LoginPageTest" name="valdiateForgotPasswordLinkRedirection" time="4.008"/>
  <testcase classname="crmtests.LoginPageTest" name="validateLoginTest" time="12.914"/>
  <testcase classname="crmtests.LoginPageTest" name="validateLogoTest" time="0.49"/>
</testsuite> <!-- Test -->
