<?xml version="1.0" encoding="UTF-8"?>
<!-- Generated by org.testng.reporters.JUnitXMLReporter -->
<testsuite ignored="0" hostname="DESKTOP-OSVHEDQ" failures="0" tests="4" name="Test" time="0.077" errors="0" timestamp="2024-02-01T10:51:31 IST">
  <testcase classname="program.qqqqq" name="test5" time="0.009"/>
  <testcase classname="program.qqqqq" name="test6" time="0.003"/>
  <testcase classname="program.ppppp" name="test3" time="0.002"/>
  <testcase classname="program.ppppp" name="test4" time="0.001"/>
</testsuite> <!-- Test -->
