<?xml version="1.0" encoding="UTF-8"?>
<testng-results ignored="0" total="1" passed="1" failed="0" skipped="0">
  <reporter-output>
  </reporter-output>
  <suite started-at="2024-02-05T19:36:47 IST" name="Default suite" finished-at="2024-02-05T19:37:00 IST" duration-ms="13399">
    <groups>
    </groups>
    <test started-at="2024-02-05T19:36:47 IST" name="Default test" finished-at="2024-02-05T19:37:00 IST" duration-ms="13399">
      <class name="program.loginpagetest">
        <test-method is-config="true" signature="initialization()[pri:0, instance:program.loginpagetest@53aac487]" started-at="2024-02-05T19:36:47 IST" name="initialization" finished-at="2024-02-05T19:36:57 IST" duration-ms="9747" status="PASS">
          <reporter-output>
          </reporter-output>
        </test-method> <!-- initialization -->
        <test-method signature="validateLoginTest()[pri:0, instance:program.loginpagetest@53aac487]" started-at="2024-02-05T19:36:57 IST" name="validateLoginTest" finished-at="2024-02-05T19:37:00 IST" duration-ms="3515" status="PASS">
          <reporter-output>
          </reporter-output>
        </test-method> <!-- validateLoginTest -->
        <test-method is-config="true" signature="teardown()[pri:0, instance:program.loginpagetest@53aac487]" started-at="2024-02-05T19:37:00 IST" name="teardown" finished-at="2024-02-05T19:37:00 IST" duration-ms="97" status="PASS">
          <reporter-output>
          </reporter-output>
        </test-method> <!-- teardown -->
      </class> <!-- program.loginpagetest -->
    </test> <!-- Default test -->
  </suite> <!-- Default suite -->
</testng-results>
